2024-02-09T06:28:24+00:00 CRITICAL Uncaught Error: Undefined constant "name" in /home2/creatyz1/public_html/development/ameritronics/wp-content/plugins/woocommerce/templates/content-single-product.php:39
Stack trace:
#0 /home2/creatyz1/public_html/development/ameritronics/wp-includes/template.php(792): require()
#1 /home2/creatyz1/public_html/development/ameritronics/wp-content/plugins/woocommerce/includes/wc-core-functions.php(284): load_template('/home2/creatyz1...', false)
#2 /home2/creatyz1/public_html/development/ameritronics/wp-content/plugins/woocommerce/includes/class-wc-shortcodes.php(598): wc_get_template_part('content', 'single-product')
#3 /home2/creatyz1/public_html/development/ameritronics/wp-includes/shortcodes.php(433): WC_Shortcodes::product_page(Array, '', 'product_page')
#4 [internal function]: do_shortcode_tag(Array)
#5 /home2/creatyz1/public_html/development/ameritronics/wp-includes/shortcodes.php(273): preg_replace_callback('/\\[(\\[?)(produc...', 'do_shortcode_ta...', '[product_page i...')
#6 /home2/creatyz1/public_html/development/ameritronics/wp-content/plugins/woocommerce/includes/class-wc-template-loader.php(634): do_shortcode('[product_page i...')
#7 /home2/creatyz1/public_html/development/ameritronics/wp-includes/class-wp-hook.php(324): WC_Template_Loader::unsupported_theme_product_content_filter('')
#8 /home2/creatyz1/public_html/development/ameritronics/wp-includes/plugin.php(205): WP_Hook->apply_filters('', Array)
#9 /home2/creatyz1/public_html/development/ameritronics/wp-includes/post-template.php(256): apply_filters('the_content', '')
#10 /home2/creatyz1/public_html/development/ameritronics/wp-content/themes/ameritronics/template-parts/content/content-single.php(23): the_content()
#11 /home2/creatyz1/public_html/development/ameritronics/wp-includes/template.php(792): require('/home2/creatyz1...')
#12 /home2/creatyz1/public_html/development/ameritronics/wp-includes/template.php(725): load_template('/home2/creatyz1...', false, Array)
#13 /home2/creatyz1/public_html/development/ameritronics/wp-includes/general-template.php(206): locate_template(Array, true, false, Array)
#14 /home2/creatyz1/public_html/development/ameritronics/wp-content/themes/ameritronics/single.php(18): get_template_part('template-parts/...')
#15 /home2/creatyz1/public_html/development/ameritronics/wp-includes/template-loader.php(106): include('/home2/creatyz1...')
#16 /home2/creatyz1/public_html/development/ameritronics/wp-blog-header.php(19): require_once('/home2/creatyz1...')
#17 /home2/creatyz1/public_html/development/ameritronics/index.php(17): require('/home2/creatyz1...')
#18 {main}
  thrown in /home2/creatyz1/public_html/development/ameritronics/wp-content/plugins/woocommerce/templates/content-single-product.php on line 39

2024-02-09T06:28:45+00:00 CRITICAL Uncaught Error: Undefined constant "name" in /home2/creatyz1/public_html/development/ameritronics/wp-content/plugins/woocommerce/templates/content-single-product.php:39
Stack trace:
#0 /home2/creatyz1/public_html/development/ameritronics/wp-includes/template.php(792): require()
#1 /home2/creatyz1/public_html/development/ameritronics/wp-content/plugins/woocommerce/includes/wc-core-functions.php(284): load_template('/home2/creatyz1...', false)
#2 /home2/creatyz1/public_html/development/ameritronics/wp-content/plugins/woocommerce/includes/class-wc-shortcodes.php(598): wc_get_template_part('content', 'single-product')
#3 /home2/creatyz1/public_html/development/ameritronics/wp-includes/shortcodes.php(433): WC_Shortcodes::product_page(Array, '', 'product_page')
#4 [internal function]: do_shortcode_tag(Array)
#5 /home2/creatyz1/public_html/development/ameritronics/wp-includes/shortcodes.php(273): preg_replace_callback('/\\[(\\[?)(produc...', 'do_shortcode_ta...', '[product_page i...')
#6 /home2/creatyz1/public_html/development/ameritronics/wp-content/plugins/woocommerce/includes/class-wc-template-loader.php(634): do_shortcode('[product_page i...')
#7 /home2/creatyz1/public_html/development/ameritronics/wp-includes/class-wp-hook.php(324): WC_Template_Loader::unsupported_theme_product_content_filter('')
#8 /home2/creatyz1/public_html/development/ameritronics/wp-includes/plugin.php(205): WP_Hook->apply_filters('', Array)
#9 /home2/creatyz1/public_html/development/ameritronics/wp-includes/post-template.php(256): apply_filters('the_content', '')
#10 /home2/creatyz1/public_html/development/ameritronics/wp-content/themes/ameritronics/template-parts/content/content-single.php(23): the_content()
#11 /home2/creatyz1/public_html/development/ameritronics/wp-includes/template.php(792): require('/home2/creatyz1...')
#12 /home2/creatyz1/public_html/development/ameritronics/wp-includes/template.php(725): load_template('/home2/creatyz1...', false, Array)
#13 /home2/creatyz1/public_html/development/ameritronics/wp-includes/general-template.php(206): locate_template(Array, true, false, Array)
#14 /home2/creatyz1/public_html/development/ameritronics/wp-content/themes/ameritronics/single.php(18): get_template_part('template-parts/...')
#15 /home2/creatyz1/public_html/development/ameritronics/wp-includes/template-loader.php(106): include('/home2/creatyz1...')
#16 /home2/creatyz1/public_html/development/ameritronics/wp-blog-header.php(19): require_once('/home2/creatyz1...')
#17 /home2/creatyz1/public_html/development/ameritronics/index.php(17): require('/home2/creatyz1...')
#18 {main}
  thrown in /home2/creatyz1/public_html/development/ameritronics/wp-content/plugins/woocommerce/templates/content-single-product.php on line 39

2024-02-09T12:47:08+00:00 CRITICAL Unclosed '{' on line 54 in /home2/creatyz1/public_html/development/ameritronics/wp-content/plugins/woocommerce/templates/content-single-product.php on line 368

2024-02-09T13:22:44+00:00 CRITICAL syntax error, unexpected token ">" in /home2/creatyz1/public_html/development/ameritronics/wp-content/plugins/woocommerce/templates/content-single-product.php on line 53

2024-02-09T13:23:16+00:00 CRITICAL syntax error, unexpected token ">" in /home2/creatyz1/public_html/development/ameritronics/wp-content/plugins/woocommerce/templates/content-single-product.php on line 53

2024-02-09T13:24:14+00:00 CRITICAL Uncaught Error: Call to a member function get_gallery_image_ids() on null in /home2/creatyz1/public_html/development/ameritronics/wp-content/plugins/woocommerce/templates/single-product/product-image.php:3
Stack trace:
#0 /home2/creatyz1/public_html/development/ameritronics/wp-content/plugins/woocommerce/includes/wc-core-functions.php(345): include()
#1 /home2/creatyz1/public_html/development/ameritronics/wp-content/plugins/woocommerce/includes/wc-template-functions.php(1570): wc_get_template('single-product/...')
#2 /home2/creatyz1/public_html/development/ameritronics/wp-includes/class-wp-hook.php(324): woocommerce_show_product_images('')
#3 /home2/creatyz1/public_html/development/ameritronics/wp-includes/class-wp-hook.php(348): WP_Hook->apply_filters(NULL, Array)
#4 /home2/creatyz1/public_html/development/ameritronics/wp-includes/plugin.php(517): WP_Hook->do_action(Array)
#5 /home2/creatyz1/public_html/development/ameritronics/wp-content/plugins/woocommerce/templates/content-single-product.php(62): do_action('woocommerce_bef...')
#6 /home2/creatyz1/public_html/development/ameritronics/wp-includes/template.php(792): require('/home2/creatyz1...')
#7 /home2/creatyz1/public_html/development/ameritronics/wp-content/plugins/woocommerce/includes/wc-core-functions.php(284): load_template('/home2/creatyz1...', false)
#8 /home2/creatyz1/public_html/development/ameritronics/wp-content/plugins/woocommerce/includes/class-wc-shortcodes.php(598): wc_get_template_part('content', 'single-product')
#9 /home2/creatyz1/public_html/development/ameritronics/wp-includes/shortcodes.php(433): WC_Shortcodes::product_page(Array, '', 'product_page')
#10 [internal function]: do_shortcode_tag(Array)
#11 /home2/creatyz1/public_html/development/ameritronics/wp-includes/shortcodes.php(273): preg_replace_callback('/\\[(\\[?)(produc...', 'do_shortcode_ta...', '[product_page i...')
#12 /home2/creatyz1/public_html/development/ameritronics/wp-content/plugins/woocommerce/includes/class-wc-template-loader.php(634): do_shortcode('[product_page i...')
#13 /home2/creatyz1/public_html/development/ameritronics/wp-includes/class-wp-hook.php(324): WC_Template_Loader::unsupported_theme_product_content_filter('<p>Single spot ...')
#14 /home2/creatyz1/public_html/development/ameritronics/wp-includes/plugin.php(205): WP_Hook->apply_filters('<p>Single spot ...', Array)
#15 /home2/creatyz1/public_html/development/ameritronics/wp-includes/post-template.php(256): apply_filters('the_content', 'Single spot sol...')
#16 /home2/creatyz1/public_html/development/ameritronics/wp-content/themes/ameritronics/template-parts/content/content-single.php(23): the_content()
#17 /home2/creatyz1/public_html/development/ameritronics/wp-includes/template.php(792): require('/home2/creatyz1...')
#18 /home2/creatyz1/public_html/development/ameritronics/wp-includes/template.php(725): load_template('/home2/creatyz1...', false, Array)
#19 /home2/creatyz1/public_html/development/ameritronics/wp-includes/general-template.php(206): locate_template(Array, true, false, Array)
#20 /home2/creatyz1/public_html/development/ameritronics/wp-content/themes/ameritronics/single.php(18): get_template_part('template-parts/...')
#21 /home2/creatyz1/public_html/development/ameritronics/wp-includes/template-loader.php(106): include('/home2/creatyz1...')
#22 /home2/creatyz1/public_html/development/ameritronics/wp-blog-header.php(19): require_once('/home2/creatyz1...')
#23 /home2/creatyz1/public_html/development/ameritronics/index.php(17): require('/home2/creatyz1...')
#24 {main}
  thrown in /home2/creatyz1/public_html/development/ameritronics/wp-content/plugins/woocommerce/templates/single-product/product-image.php on line 3

2024-02-09T13:31:35+00:00 CRITICAL Uncaught Error: Call to a member function get_gallery_image_ids() on null in /home2/creatyz1/public_html/development/ameritronics/wp-content/plugins/woocommerce/templates/single-product/product-image.php:3
Stack trace:
#0 /home2/creatyz1/public_html/development/ameritronics/wp-content/plugins/woocommerce/includes/wc-core-functions.php(345): include()
#1 /home2/creatyz1/public_html/development/ameritronics/wp-content/plugins/woocommerce/includes/wc-template-functions.php(1570): wc_get_template('single-product/...')
#2 /home2/creatyz1/public_html/development/ameritronics/wp-includes/class-wp-hook.php(324): woocommerce_show_product_images('')
#3 /home2/creatyz1/public_html/development/ameritronics/wp-includes/class-wp-hook.php(348): WP_Hook->apply_filters(NULL, Array)
#4 /home2/creatyz1/public_html/development/ameritronics/wp-includes/plugin.php(517): WP_Hook->do_action(Array)
#5 /home2/creatyz1/public_html/development/ameritronics/wp-content/plugins/woocommerce/templates/content-single-product.php(62): do_action('woocommerce_bef...')
#6 /home2/creatyz1/public_html/development/ameritronics/wp-includes/template.php(792): require('/home2/creatyz1...')
#7 /home2/creatyz1/public_html/development/ameritronics/wp-content/plugins/woocommerce/includes/wc-core-functions.php(284): load_template('/home2/creatyz1...', false)
#8 /home2/creatyz1/public_html/development/ameritronics/wp-content/plugins/woocommerce/includes/class-wc-shortcodes.php(598): wc_get_template_part('content', 'single-product')
#9 /home2/creatyz1/public_html/development/ameritronics/wp-includes/shortcodes.php(433): WC_Shortcodes::product_page(Array, '', 'product_page')
#10 [internal function]: do_shortcode_tag(Array)
#11 /home2/creatyz1/public_html/development/ameritronics/wp-includes/shortcodes.php(273): preg_replace_callback('/\\[(\\[?)(produc...', 'do_shortcode_ta...', '[product_page i...')
#12 /home2/creatyz1/public_html/development/ameritronics/wp-content/plugins/woocommerce/includes/class-wc-template-loader.php(634): do_shortcode('[product_page i...')
#13 /home2/creatyz1/public_html/development/ameritronics/wp-includes/class-wp-hook.php(324): WC_Template_Loader::unsupported_theme_product_content_filter('<p>Single spot ...')
#14 /home2/creatyz1/public_html/development/ameritronics/wp-includes/plugin.php(205): WP_Hook->apply_filters('<p>Single spot ...', Array)
#15 /home2/creatyz1/public_html/development/ameritronics/wp-includes/post-template.php(256): apply_filters('the_content', 'Single spot sol...')
#16 /home2/creatyz1/public_html/development/ameritronics/wp-content/themes/ameritronics/template-parts/content/content-single.php(23): the_content()
#17 /home2/creatyz1/public_html/development/ameritronics/wp-includes/template.php(792): require('/home2/creatyz1...')
#18 /home2/creatyz1/public_html/development/ameritronics/wp-includes/template.php(725): load_template('/home2/creatyz1...', false, Array)
#19 /home2/creatyz1/public_html/development/ameritronics/wp-includes/general-template.php(206): locate_template(Array, true, false, Array)
#20 /home2/creatyz1/public_html/development/ameritronics/wp-content/themes/ameritronics/single.php(18): get_template_part('template-parts/...')
#21 /home2/creatyz1/public_html/development/ameritronics/wp-includes/template-loader.php(106): include('/home2/creatyz1...')
#22 /home2/creatyz1/public_html/development/ameritronics/wp-blog-header.php(19): require_once('/home2/creatyz1...')
#23 /home2/creatyz1/public_html/development/ameritronics/index.php(17): require('/home2/creatyz1...')
#24 {main}
  thrown in /home2/creatyz1/public_html/development/ameritronics/wp-content/plugins/woocommerce/templates/single-product/product-image.php on line 3

